<?xml version="1.0" encoding="UTF-8"?>
<!-- Generated by org.testng.reporters.JUnitReportReporter -->
<testsuite skipped="0" hostname="CND4494LJG" name="pack.apiProxy" tests="1" failures="0" timestamp="29 Mar 2018 00:27:31 GMT" time="5.283" errors="0">
  <testcase name="f" time="5.283" classname="pack.apiProxy"/>
</testsuite> <!-- pack.apiProxy -->
